TN:
SF:src/features/auth/ui/ForgotForm.tsx
FN:1,(empty-report)
FNF:1
FNH:0
FNDA:0,(empty-report)
DA:1,0
DA:7,0
DA:8,0
DA:9,0
DA:10,0
DA:11,0
DA:12,0
DA:14,0
DA:15,0
DA:16,0
DA:17,0
DA:18,0
DA:19,0
DA:20,0
DA:21,0
DA:22,0
DA:23,0
DA:24,0
DA:25,0
DA:26,0
DA:27,0
DA:28,0
DA:29,0
DA:30,0
DA:32,0
DA:33,0
DA:34,0
DA:35,0
DA:36,0
DA:37,0
DA:38,0
DA:39,0
DA:40,0
DA:41,0
DA:43,0
DA:44,0
DA:45,0
DA:46,0
DA:48,0
DA:49,0
DA:50,0
DA:51,0
DA:52,0
DA:53,0
DA:54,0
DA:55,0
DA:56,0
DA:58,0
DA:59,0
DA:60,0
DA:61,0
DA:62,0
DA:63,0
DA:65,0
DA:66,0
DA:67,0
DA:69,0
DA:70,0
DA:71,0
DA:72,0
DA:73,0
DA:74,0
DA:75,0
DA:76,0
DA:77,0
DA:78,0
DA:79,0
DA:80,0
DA:81,0
DA:82,0
DA:83,0
DA:85,0
DA:86,0
DA:87,0
DA:88,0
DA:89,0
DA:90,0
DA:92,0
DA:93,0
DA:94,0
DA:96,0
DA:97,0
DA:99,0
LF:83
LH:0
BRDA:1,0,0,0
BRF:1
BRH:0
end_of_record
TN:
SF:src/features/auth/ui/LoginForm.tsx
FN:12,LoginForm
FN:20,onSubmit
FN:65,onChange
FN:72,onChange
FNF:4
FNH:4
FNDA:41,LoginForm
FNDA:2,onSubmit
FNDA:14,onChange
FNDA:17,onChange
DA:1,1
DA:12,1
DA:13,41
DA:14,41
DA:15,41
DA:16,41
DA:17,41
DA:18,41
DA:20,41
DA:21,2
DA:22,2
DA:23,2
DA:24,2
DA:25,2
DA:26,2
DA:27,2
DA:28,2
DA:29,1
DA:30,1
DA:31,1
DA:32,2
DA:33,0
DA:34,2
DA:35,1
DA:36,1
DA:37,2
DA:38,0
DA:39,0
DA:40,2
DA:41,1
DA:42,0
DA:43,2
DA:44,2
DA:45,2
DA:46,2
DA:48,41
DA:49,41
DA:50,41
DA:51,41
DA:52,41
DA:53,41
DA:54,41
DA:55,41
DA:56,41
DA:57,41
DA:59,41
DA:60,41
DA:61,41
DA:62,41
DA:63,41
DA:64,41
DA:65,41
DA:66,41
DA:67,41
DA:68,41
DA:69,41
DA:70,41
DA:71,41
DA:72,41
DA:73,41
DA:74,41
DA:75,41
DA:76,41
DA:77,41
DA:78,41
DA:79,41
DA:80,41
DA:81,41
DA:82,41
DA:83,41
DA:84,41
DA:85,41
DA:86,41
DA:87,41
DA:88,41
DA:89,41
DA:90,41
DA:91,41
DA:92,41
DA:93,41
DA:94,41
DA:96,41
LF:82
LH:78
BRDA:12,0,0,41
BRDA:74,1,0,40
BRDA:79,2,0,2
BRDA:79,3,0,39
BRDA:20,4,0,2
BRDA:28,5,0,1
BRDA:32,6,0,1
BRDA:32,7,0,0
BRDA:34,8,0,1
BRDA:37,9,0,0
BRDA:40,10,0,1
BRDA:41,11,0,0
BRDA:65,12,0,14
BRDA:72,13,0,17
BRF:14
BRH:11
end_of_record
TN:
SF:src/features/auth/ui/SignupForm.tsx
FN:1,(empty-report)
FNF:1
FNH:0
FNDA:0,(empty-report)
DA:1,0
DA:7,0
DA:8,0
DA:9,0
DA:10,0
DA:11,0
DA:12,0
DA:13,0
DA:14,0
DA:16,0
DA:17,0
DA:18,0
DA:19,0
DA:20,0
DA:21,0
DA:22,0
DA:23,0
DA:24,0
DA:25,0
DA:26,0
DA:27,0
DA:28,0
DA:29,0
DA:30,0
DA:31,0
DA:32,0
DA:34,0
DA:35,0
DA:36,0
DA:37,0
DA:38,0
DA:40,0
DA:41,0
DA:42,0
DA:43,0
DA:44,0
DA:45,0
DA:46,0
DA:47,0
DA:48,0
DA:49,0
DA:50,0
DA:51,0
DA:52,0
DA:53,0
DA:54,0
DA:55,0
DA:56,0
DA:57,0
DA:58,0
DA:59,0
DA:60,0
DA:61,0
DA:62,0
DA:63,0
DA:64,0
DA:65,0
DA:66,0
DA:67,0
DA:68,0
DA:69,0
DA:70,0
DA:71,0
DA:72,0
DA:73,0
DA:74,0
DA:75,0
DA:76,0
DA:77,0
DA:79,0
LF:70
LH:0
BRDA:1,0,0,0
BRF:1
BRH:0
end_of_record
TN:
SF:src/shared/api/client.ts
FN:6,HttpError
FN:13,setAccessToken
FN:19,api
FNF:3
FNH:3
FNDA:4,HttpError
FNDA:13,setAccessToken
FNDA:11,api
DA:1,1
DA:5,1
DA:6,1
DA:7,4
DA:8,4
DA:9,1
DA:11,1
DA:13,1
DA:14,13
DA:15,13
DA:16,9
DA:17,13
DA:19,11
DA:20,11
DA:21,11
DA:22,11
DA:23,11
DA:24,11
DA:25,11
DA:26,3
DA:27,3
DA:28,3
DA:29,11
DA:31,11
DA:32,11
DA:33,11
DA:34,11
DA:35,7
DA:36,7
LF:29
LH:29
BRDA:1,0,0,0
BRDA:6,1,0,4
BRDA:7,2,0,3
BRDA:7,3,0,1
BRDA:13,4,0,13
BRDA:15,5,0,4
BRDA:15,6,0,9
BRDA:19,7,0,11
BRDA:25,8,0,3
BRDA:29,9,0,3
BRDA:33,10,0,10
BRDA:33,11,0,1
BRDA:34,12,0,4
BRDA:34,13,0,7
BRF:14
BRH:13
end_of_record
TN:
SF:src/shared/lib/store/useAuthStore.ts
FN:32,__vite_ssr_import_0__.create.__vite_ssr_import_1__.persist.name
FN:35,setToken
FN:36,setMe
FN:37,isAuthenticated
FN:38,hasMembership
FN:39,reset
FN:41,partialize
FNF:7
FNH:7
FNDA:1,__vite_ssr_import_0__.create.__vite_ssr_import_1__.persist.name
FNDA:3,setToken
FNDA:4,setMe
FNDA:3,isAuthenticated
FNDA:4,hasMembership
FNDA:6,reset
FNDA:13,partialize
DA:1,1
DA:30,1
DA:31,1
DA:32,1
DA:33,1
DA:34,1
DA:35,1
DA:36,1
DA:37,1
DA:38,1
DA:39,1
DA:40,1
DA:41,1
DA:42,1
DA:43,1
LF:15
LH:15
BRDA:32,0,0,1
BRDA:35,1,0,3
BRDA:36,2,0,4
BRDA:37,3,0,3
BRDA:38,4,0,4
BRDA:38,5,0,2
BRDA:39,6,0,6
BRDA:41,7,0,13
BRF:8
BRH:8
end_of_record
TN:
SF:src/shared/lib/store/useTweaksStore.ts
FN:26,__vite_ssr_import_0__.create.__vite_ssr_import_1__.persist.name
FN:28,set
FN:29,reset
FN:35,applyTweaksToBody
FNF:4
FNH:4
FNDA:1,__vite_ssr_import_0__.create.__vite_ssr_import_1__.persist.name
FNDA:3,set
FNDA:4,reset
FNDA:6,applyTweaksToBody
DA:1,1
DA:22,1
DA:24,1
DA:25,1
DA:26,1
DA:27,1
DA:28,1
DA:29,1
DA:30,1
DA:31,1
DA:32,1
DA:33,1
DA:35,1
DA:36,6
DA:37,6
DA:38,6
DA:39,6
DA:40,6
DA:41,6
DA:42,6
DA:43,6
DA:44,6
DA:45,6
LF:23
LH:23
BRDA:26,0,0,1
BRDA:28,1,0,3
BRDA:29,2,0,4
BRDA:35,3,0,6
BRDA:36,4,0,0
BRDA:39,5,0,2
BRDA:40,6,0,2
BRDA:41,7,0,1
BRDA:42,8,0,1
BRF:9
BRH:8
end_of_record
TN:
SF:src/shared/ui/Avatar/Avatar.tsx
FN:10,Avatar
FNF:1
FNH:1
FNDA:5,Avatar
DA:1,1
DA:10,1
DA:11,5
DA:12,5
DA:13,5
DA:14,5
DA:16,5
DA:17,5
DA:18,5
DA:19,5
DA:20,5
DA:21,5
DA:22,5
DA:23,5
DA:24,5
DA:25,5
DA:26,5
DA:27,5
DA:28,5
DA:29,5
DA:30,5
DA:32,5
DA:33,1
DA:34,1
DA:35,1
DA:36,1
DA:37,1
DA:38,1
DA:39,1
DA:40,1
DA:42,1
DA:43,4
DA:44,4
LF:33
LH:33
BRDA:10,0,0,5
BRDA:11,1,0,1
BRDA:12,2,0,1
BRDA:14,3,0,0
BRDA:32,4,0,1
BRDA:42,5,0,4
BRF:6
BRH:5
end_of_record
TN:
SF:src/shared/ui/Button/Button.tsx
FN:27,Button2
FNF:1
FNH:1
FNDA:42,Button2
DA:1,1
DA:6,1
DA:7,1
DA:8,1
DA:9,1
DA:10,1
DA:11,1
DA:12,1
DA:13,1
DA:15,1
DA:16,1
DA:17,1
DA:18,1
DA:19,1
DA:27,1
DA:28,42
DA:29,42
DA:30,42
DA:31,42
DA:32,42
DA:33,42
DA:34,42
DA:35,42
DA:36,42
DA:37,42
DA:38,42
DA:39,42
DA:40,42
DA:41,42
DA:42,42
DA:43,42
DA:45,42
LF:32
LH:32
BRDA:27,0,0,42
BRDA:39,1,0,39
BRDA:39,2,0,3
BRF:3
BRH:3
end_of_record
TN:
SF:src/shared/ui/Card/Card.tsx
FN:14,Card
FNF:1
FNH:1
FNDA:5,Card
DA:1,1
DA:14,1
DA:15,5
DA:16,5
DA:17,5
DA:18,5
DA:19,5
DA:20,5
DA:21,5
DA:22,5
DA:23,5
DA:24,5
DA:25,5
DA:26,5
DA:27,1
DA:28,4
DA:29,1
DA:30,3
DA:31,5
DA:32,5
DA:33,5
DA:34,5
DA:35,1
DA:36,4
DA:37,5
DA:38,5
DA:39,5
DA:40,5
DA:41,5
DA:42,5
DA:44,5
LF:31
LH:31
BRDA:14,0,0,5
BRDA:24,1,0,1
BRDA:24,2,0,4
BRDA:26,3,0,1
BRDA:27,4,0,4
BRDA:28,5,0,1
BRDA:29,6,0,3
BRDA:31,7,0,0
BRDA:33,8,0,1
BRDA:33,9,0,4
BRDA:34,10,0,1
BRDA:35,11,0,4
BRF:12
BRH:11
end_of_record
TN:
SF:src/shared/ui/FormField/FormField.tsx
FN:11,FormField
FNF:1
FNH:1
FNDA:4,FormField
DA:1,1
DA:11,1
DA:12,4
DA:13,4
DA:14,4
DA:15,2
DA:16,2
DA:17,2
DA:18,2
DA:20,4
DA:21,4
DA:22,1
DA:23,1
DA:24,1
DA:25,3
DA:26,1
DA:27,2
DA:28,4
DA:30,4
LF:19
LH:19
BRDA:11,0,0,4
BRDA:14,1,0,2
BRDA:17,2,0,1
BRDA:21,3,0,1
BRDA:24,4,0,3
BRDA:25,5,0,1
BRDA:26,6,0,2
BRF:7
BRH:7
end_of_record
TN:
SF:src/shared/ui/Icon/Icon.tsx
FN:5,base
FNF:1
FNH:1
FNDA:125,base
DA:1,1
DA:5,1
DA:6,50
DA:7,50
DA:8,50
DA:9,50
DA:10,50
DA:11,50
DA:12,50
DA:13,50
DA:14,50
DA:15,50
DA:17,50
DA:18,50
DA:21,1
DA:22,1
DA:23,1
DA:24,1
DA:25,1
DA:26,1
DA:27,1
DA:28,1
DA:29,1
DA:30,1
DA:31,1
DA:32,1
DA:33,1
DA:34,1
DA:35,1
DA:36,1
DA:37,1
DA:38,1
DA:39,1
DA:40,1
DA:41,1
DA:42,1
DA:43,1
DA:44,1
DA:45,1
DA:46,1
DA:47,1
DA:48,1
DA:49,1
DA:50,1
DA:51,1
DA:52,1
DA:53,1
DA:54,1
DA:55,1
DA:56,1
DA:57,1
DA:58,1
DA:59,1
DA:60,1
DA:61,1
DA:62,1
DA:63,1
DA:64,1
DA:65,1
DA:66,1
DA:67,1
DA:68,1
DA:69,1
DA:70,1
DA:71,1
DA:72,1
DA:73,1
DA:74,1
DA:75,1
DA:76,1
DA:77,1
DA:78,1
DA:79,1
DA:80,1
DA:81,1
DA:82,1
DA:83,1
DA:84,1
DA:85,1
DA:86,1
DA:87,1
DA:88,1
DA:89,1
DA:90,1
DA:91,1
DA:92,1
DA:93,1
DA:94,1
DA:95,1
DA:96,1
DA:97,1
DA:98,1
DA:99,1
DA:100,1
DA:101,1
DA:102,1
DA:103,1
LF:97
LH:97
BRDA:5,0,0,125
BRDA:5,1,0,50
BRF:2
BRH:2
end_of_record
TN:
SF:src/shared/ui/KPIStat/KPIStat.tsx
FN:21,KPIStat
FNF:1
FNH:1
FNDA:5,KPIStat
DA:1,1
DA:3,1
DA:4,1
DA:5,1
DA:6,1
DA:7,1
DA:8,1
DA:21,1
DA:22,5
DA:23,5
DA:24,5
DA:25,5
DA:26,5
DA:27,5
DA:28,5
DA:29,5
DA:30,5
DA:31,5
DA:32,5
DA:33,5
DA:34,5
DA:35,5
DA:36,5
DA:38,5
DA:39,5
DA:40,1
DA:42,5
DA:43,5
DA:44,3
DA:45,3
DA:46,2
DA:47,2
DA:48,2
DA:50,2
DA:51,2
DA:53,3
DA:54,3
DA:56,5
DA:58,5
LF:39
LH:39
BRDA:21,0,0,5
BRDA:39,1,0,1
BRDA:43,2,0,3
BRDA:43,3,0,3
BRDA:45,4,0,2
BRDA:48,5,0,1
BRDA:48,6,0,1
BRDA:53,7,0,1
BRF:8
BRH:8
end_of_record
TN:
SF:src/shared/ui/ListRow/ListRow.tsx
FN:17,ListRow
FNF:1
FNH:1
FNDA:7,ListRow
DA:1,1
DA:17,1
DA:18,7
DA:19,7
DA:20,7
DA:21,7
DA:22,7
DA:23,7
DA:24,7
DA:25,7
DA:26,7
DA:27,7
DA:28,7
DA:29,7
DA:30,7
DA:31,5
DA:32,5
DA:33,5
DA:34,5
DA:35,5
DA:36,2
DA:37,1
DA:40,7
DA:41,1
DA:42,6
DA:43,1
DA:44,5
DA:46,7
DA:47,7
DA:48,7
DA:49,7
DA:50,7
DA:51,7
DA:52,7
DA:53,7
DA:54,7
DA:55,7
DA:56,7
DA:57,7
DA:58,7
DA:59,7
DA:61,7
DA:62,7
DA:63,7
DA:64,7
DA:65,7
DA:66,7
DA:67,7
DA:68,7
DA:69,7
DA:70,7
DA:72,7
DA:73,7
DA:74,7
DA:75,1
DA:76,1
DA:77,1
DA:78,1
DA:79,1
DA:80,1
DA:81,1
DA:82,1
DA:84,1
DA:85,1
DA:87,7
DA:88,7
DA:89,1
DA:90,1
DA:91,1
DA:93,7
DA:94,7
DA:96,7
LF:72
LH:72
BRDA:17,0,0,7
BRDA:30,1,0,5
BRDA:35,2,0,2
BRDA:36,3,0,1
BRDA:36,4,0,1
BRDA:40,5,0,1
BRDA:41,6,0,6
BRDA:42,7,0,1
BRDA:43,8,0,5
BRDA:54,9,0,0
BRDA:55,10,0,1
BRDA:55,11,0,6
BRDA:56,12,0,1
BRDA:56,13,0,6
BRDA:61,14,0,0
BRDA:74,15,0,1
BRDA:88,16,0,1
BRF:17
BRH:15
end_of_record
TN:
SF:src/shared/ui/PageHeader/PageHeader.tsx
FN:13,PageHeader
FNF:1
FNH:1
FNDA:4,PageHeader
DA:1,1
DA:13,1
DA:14,4
DA:15,4
DA:16,4
DA:17,4
DA:18,4
DA:19,4
DA:20,4
DA:21,4
DA:22,4
DA:23,4
DA:24,4
DA:25,4
DA:27,4
DA:28,4
DA:29,1
DA:30,1
DA:31,1
DA:33,1
DA:34,1
DA:36,4
DA:37,4
DA:38,4
DA:39,4
DA:40,4
DA:41,4
DA:43,4
DA:44,4
DA:45,4
DA:46,1
DA:47,1
DA:48,1
DA:50,1
DA:51,1
DA:53,4
DA:54,4
DA:55,1
DA:57,3
DA:58,3
DA:59,3
DA:60,3
DA:61,3
DA:62,3
DA:63,3
DA:64,0
DA:65,0
DA:66,0
DA:67,0
DA:68,0
DA:69,0
DA:70,0
DA:71,0
DA:72,0
DA:73,0
DA:74,0
DA:75,0
DA:77,3
DA:79,4
DA:81,4
LF:60
LH:48
BRDA:13,0,0,4
BRDA:25,1,0,0
BRDA:28,2,0,1
BRDA:31,3,0,0
BRDA:39,4,0,0
BRDA:45,5,0,1
BRDA:48,6,0,0
BRDA:54,7,0,1
BRDA:55,8,0,3
BRDA:61,9,0,0
BRDA:63,10,0,0
BRF:11
BRH:5
end_of_record
TN:
SF:src/shared/ui/SegmentedControl/SegmentedControl.tsx
FN:9,SegmentedControl
FN:31,onClick
FNF:2
FNH:2
FNDA:3,SegmentedControl
FNDA:1,onClick
DA:1,1
DA:9,1
DA:10,3
DA:11,3
DA:12,3
DA:13,3
DA:14,3
DA:15,3
DA:16,3
DA:17,3
DA:18,3
DA:19,3
DA:20,3
DA:21,3
DA:22,3
DA:24,3
DA:25,9
DA:26,9
DA:27,9
DA:28,9
DA:29,9
DA:30,9
DA:31,9
DA:32,9
DA:33,9
DA:34,9
DA:35,9
DA:36,9
DA:37,9
DA:38,9
DA:39,9
DA:40,9
DA:41,9
DA:43,9
DA:44,9
DA:46,3
DA:47,3
DA:49,3
LF:38
LH:38
BRDA:9,0,0,3
BRDA:24,1,0,9
BRDA:35,2,0,3
BRDA:35,3,0,6
BRDA:36,4,0,3
BRDA:36,5,0,6
BRDA:38,6,0,3
BRDA:38,7,0,6
BRDA:31,8,0,1
BRF:9
BRH:9
end_of_record
TN:
SF:src/shared/ui/Sheet/Sheet.tsx
FN:12,Sheet
FN:15,onKey
FN:32,onClick
FNF:3
FNH:3
FNDA:5,Sheet
FNDA:1,onKey
FNDA:1,onClick
DA:1,1
DA:12,1
DA:13,5
DA:14,5
DA:15,4
DA:16,1
DA:17,1
DA:18,4
DA:19,4
DA:20,5
DA:22,5
DA:24,4
DA:25,4
DA:26,4
DA:27,4
DA:28,4
DA:30,4
DA:31,4
DA:32,4
DA:33,4
DA:34,4
DA:35,4
DA:36,4
DA:37,4
DA:38,4
DA:39,4
DA:40,4
DA:41,4
DA:43,4
DA:44,4
DA:45,4
DA:46,4
DA:47,4
DA:48,4
DA:49,4
DA:50,4
DA:51,4
DA:52,4
DA:53,4
DA:54,4
DA:55,4
DA:56,4
DA:58,5
DA:59,5
DA:60,5
DA:62,5
LF:46
LH:46
BRDA:12,0,0,5
BRDA:22,1,0,1
BRDA:22,2,0,4
BRDA:13,3,0,5
BRDA:14,4,0,1
BRDA:14,5,0,4
BRDA:15,6,0,1
BRDA:19,7,0,4
BRDA:32,8,0,1
BRF:9
BRH:9
end_of_record
TN:
SF:src/shared/ui/Skeleton/Skeleton.tsx
FN:11,Skeleton
FNF:1
FNH:1
FNDA:3,Skeleton
DA:1,1
DA:11,1
DA:12,3
DA:13,3
DA:14,3
DA:15,3
DA:16,3
DA:17,3
DA:18,3
DA:19,3
DA:20,3
DA:21,3
DA:22,3
DA:24,3
LF:14
LH:14
BRDA:11,0,0,3
BRF:1
BRH:1
end_of_record
TN:
SF:src/shared/ui/StatRow/StatRow.tsx
FN:8,StatRow
FNF:1
FNH:1
FNDA:3,StatRow
DA:1,1
DA:8,1
DA:9,3
DA:10,3
DA:11,3
DA:12,3
DA:13,3
DA:14,3
DA:15,3
DA:17,3
DA:18,9
DA:19,9
DA:20,9
DA:21,9
DA:22,9
DA:23,9
DA:24,9
DA:26,9
DA:27,9
DA:28,9
DA:29,3
DA:30,3
DA:32,3
LF:23
LH:23
BRDA:8,0,0,3
BRDA:10,1,0,1
BRDA:10,2,0,2
BRDA:11,3,0,1
BRDA:11,4,0,2
BRDA:17,5,0,9
BRF:6
BRH:6
end_of_record
TN:
SF:src/shared/ui/StatusDot/StatusDot.tsx
FN:20,StatusDot
FNF:1
FNH:1
FNDA:7,StatusDot
DA:1,1
DA:5,1
DA:6,1
DA:7,1
DA:8,1
DA:9,1
DA:10,1
DA:11,1
DA:20,1
DA:21,7
DA:22,7
DA:23,7
DA:24,7
DA:25,7
DA:26,7
DA:27,7
DA:28,7
DA:29,7
DA:30,7
DA:31,7
DA:32,7
DA:33,7
DA:35,7
LF:23
LH:23
BRDA:20,0,0,7
BRDA:30,1,0,1
BRDA:30,2,0,6
BRF:3
BRH:3
end_of_record
TN:
SF:src/shared/ui/TabBar/TabBar.tsx
FN:18,TabBar
FN:39,style
FN:47,children
FNF:3
FNH:3
FNDA:4,TabBar
FNDA:16,style
FNDA:16,children
DA:1,1
DA:7,1
DA:8,1
DA:9,1
DA:10,1
DA:11,1
DA:12,1
DA:18,1
DA:19,4
DA:20,4
DA:21,4
DA:22,4
DA:23,4
DA:24,4
DA:25,4
DA:26,4
DA:27,4
DA:28,4
DA:29,4
DA:31,4
DA:32,16
DA:33,16
DA:34,16
DA:35,16
DA:36,16
DA:37,16
DA:38,16
DA:39,16
DA:40,16
DA:41,16
DA:42,16
DA:43,16
DA:44,16
DA:45,16
DA:47,16
DA:48,16
DA:49,16
DA:50,16
DA:51,16
DA:52,16
DA:53,16
DA:54,16
DA:56,16
DA:57,16
DA:58,16
DA:59,1
DA:60,1
DA:61,1
DA:62,1
DA:63,1
DA:64,1
DA:65,1
DA:66,1
DA:67,1
DA:68,1
DA:69,1
DA:70,1
DA:71,1
DA:72,1
DA:73,1
DA:74,1
DA:75,1
DA:77,1
DA:78,1
DA:79,15
DA:80,16
DA:82,16
DA:84,4
DA:85,4
DA:87,4
LF:70
LH:70
BRDA:18,0,0,4
BRDA:31,1,0,16
BRDA:39,2,0,16
BRDA:40,3,0,1
BRDA:40,4,0,15
BRDA:47,5,0,16
BRDA:52,6,0,1
BRDA:52,7,0,15
BRDA:53,8,0,1
BRDA:53,9,0,15
BRDA:58,10,0,1
BRDA:78,11,0,15
BRF:12
BRH:12
end_of_record
TN:
SF:src/shared/ui/TextField/TextField.tsx
FN:9,TextField2
FNF:1
FNH:1
FNDA:90,TextField2
DA:1,1
DA:9,1
DA:10,90
DA:11,90
DA:12,90
DA:13,90
DA:14,90
DA:15,90
DA:16,90
DA:18,90
DA:19,90
DA:20,90
DA:21,90
DA:22,90
DA:23,90
DA:24,90
DA:25,90
DA:26,90
DA:27,90
DA:28,90
DA:29,90
DA:30,90
DA:31,3
DA:32,3
DA:33,3
DA:34,3
DA:36,3
DA:37,3
DA:39,90
DA:41,90
LF:30
LH:30
BRDA:9,0,0,90
BRDA:25,1,0,2
BRDA:25,2,0,88
BRDA:30,3,0,88
BRDA:30,4,0,3
BRDA:33,5,0,2
BRDA:33,6,0,1
BRDA:36,7,0,1
BRF:8
BRH:8
end_of_record
TN:
SF:src/shared/ui/Toast/Toast.tsx
FN:6,show
FN:8,ToastProvider
FN:49,useToast
FNF:3
FNH:3
FNDA:1,show
FNDA:9,ToastProvider
FNDA:10,useToast
DA:1,1
DA:6,1
DA:8,1
DA:9,9
DA:10,9
DA:11,4
DA:12,4
DA:13,4
DA:14,1
DA:15,4
DA:16,9
DA:18,9
DA:19,9
DA:20,9
DA:21,9
DA:22,9
DA:23,9
DA:25,9
DA:26,4
DA:27,4
DA:28,4
DA:29,4
DA:30,4
DA:31,4
DA:32,1
DA:33,3
DA:34,1
DA:35,2
DA:36,4
DA:37,4
DA:38,4
DA:39,4
DA:41,4
DA:42,4
DA:43,9
DA:44,9
DA:45,9
DA:47,9
DA:49,1
DA:50,10
DA:51,10
LF:41
LH:41
BRDA:6,0,0,1
BRDA:8,1,0,9
BRDA:10,2,0,4
BRDA:12,3,0,4
BRDA:13,4,0,1
BRDA:14,5,0,1
BRDA:14,6,0,1
BRDA:25,7,0,4
BRDA:31,8,0,1
BRDA:32,9,0,3
BRDA:33,10,0,1
BRDA:34,11,0,2
BRDA:49,12,0,10
BRF:13
BRH:13
end_of_record
